<html>
<head>
<title>TestNG:  Default test</title>
<link href="../testng.css" rel="stylesheet" type="text/css" />
<link href="../my-testng.css" rel="stylesheet" type="text/css" />

<style type="text/css">
.log { display: none;} 
.stack-trace { display: none;} 
</style>
<script type="text/javascript">
<!--
function flip(e) {
  current = e.style.display;
  if (current == 'block') {
    e.style.display = 'none';
    return 0;
  }
  else {
    e.style.display = 'block';
    return 1;
  }
}

function toggleBox(szDivId, elem, msg1, msg2)
{
  var res = -1;  if (document.getElementById) {
    res = flip(document.getElementById(szDivId));
  }
  else if (document.all) {
    // this is the way old msie versions work
    res = flip(document.all[szDivId]);
  }
  if(elem) {
    if(res == 0) elem.innerHTML = msg1; else elem.innerHTML = msg2;
  }

}

function toggleAllBoxes() {
  if (document.getElementsByTagName) {
    d = document.getElementsByTagName('div');
    for (i = 0; i < d.length; i++) {
      if (d[i].className == 'log') {
        flip(d[i]);
      }
    }
  }
}

// -->
</script>

</head>
<body>
<h2 align='center'>Default test</h2><table border='1' align="center">
<tr>
<td>Tests passed/Failed/Skipped:</td><td>27/1/1</td>
</tr><tr>
<td>Started on:</td><td>Wed Feb 01 10:55:24 IST 2023</td>
</tr>
<tr><td>Total time:</td><td>106 seconds (106222 ms)</td>
</tr><tr>
<td>Included groups:</td><td></td>
</tr><tr>
<td>Excluded groups:</td><td></td>
</tr>
</table><p/>
<small><i>(Hover the method name to see the test class name)</i></small><p/>
<table width='100%' border='1' class='invocation-failed'>
<tr><td colspan='4' align='center'><b>FAILED TESTS</b></td></tr>
<tr><td><b>Test method</b></td>
<td width="30%"><b>Exception</b></td>
<td width="10%"><b>Time (seconds)</b></td>
<td><b>Instance</b></td>
</tr>
<tr>
<td title='com.sat2credit.testcases.FarmDetailsVerification.validateCreditScoreImage_TC27()'><b>validateCreditScoreImage_TC27</b><br>Test class: com.sat2credit.testcases.FarmDetailsVerification</td>
<td><div><pre>java.lang.AssertionError: expected [true] but found [false]
	at org.testng.Assert.fail(Assert.java:99)
	at org.testng.Assert.failNotEquals(Assert.java:1037)
	at org.testng.Assert.assertTrue(Assert.java:45)
	at org.testng.Assert.assertTrue(Assert.java:55)
	at com.sat2credit.testcases.FarmDetailsVerification.validateCreditScoreImage_TC27(FarmDetailsVerification.java:329)
	at java.base/jdk.internal.reflect.NativeMethodAccessorImpl.invoke0(Native Method)
	at java.base/jdk.internal.reflect.NativeMethodAccessorImpl.invoke(NativeMethodAccessorImpl.java:62)
	at java.base/jdk.internal.reflect.DelegatingMethodAccessorImpl.invoke(DelegatingMethodAccessorImpl.java:43)
	at java.base/java.lang.reflect.Method.invoke(Method.java:566)
	at org.testng.internal.MethodInvocationHelper.invokeMethod(MethodInvocationHelper.java:133)
	at org.testng.internal.TestInvoker.invokeMethod(TestInvoker.java:598)
	at org.testng.internal.TestInvoker.invokeTestMethod(TestInvoker.java:173)
	at org.testng.internal.MethodRunner.runInSequence(MethodRunner.java:46)
	at org.testng.internal.TestInvoker$MethodInvocationAgent.invoke(TestInvoker.java:824)
	at org.testng.internal.TestInvoker.invokeTestMethods(TestInvoker.java:146)
	at org.testng.internal.TestMethodWorker.invokeTestMethods(TestMethodWorker.java:146)
	at org.testng.internal.TestMethodWorker.run(TestMethodWorker.java:128)
	at java.base/java.util.ArrayList.forEach(ArrayList.java:1541)
	at org.testng.TestRunner.privateRun(TestRunner.java:794)
	at org.testng.TestRunner.run(TestRunner.java:596)
	at org.testng.SuiteRunner.runTest(SuiteRunner.java:377)
	at org.testng.SuiteRunner.runSequentially(SuiteRunner.java:371)
	at org.testng.SuiteRunner.privateRun(SuiteRunner.java:332)
	at org.testng.SuiteRunner.run(SuiteRunner.java:276)
	at org.testng.SuiteRunnerWorker.runSuite(SuiteRunnerWorker.java:53)
	at org.testng.SuiteRunnerWorker.run(SuiteRunnerWorker.java:96)
	at org.testng.TestNG.runSuitesSequentially(TestNG.java:1212)
	at org.testng.TestNG.runSuitesLocally(TestNG.java:1134)
	at org.testng.TestNG.runSuites(TestNG.java:1063)
	at org.testng.TestNG.run(TestNG.java:1031)
	at org.testng.remote.AbstractRemoteTestNG.run(AbstractRemoteTestNG.java:115)
	at org.testng.remote.RemoteTestNG.initAndRun(RemoteTestNG.java:251)
	at org.testng.remote.RemoteTestNG.main(RemoteTestNG.java:77)
</pre></div><a href='#' onClick='toggleBox("stack-trace505572301", this, "Click to show all stack frames", "Click to hide stack frames")'>Click to show all stack frames</a>
<div class='stack-trace' id='stack-trace505572301'><pre>java.lang.AssertionError: expected [true] but found [false]
	at org.testng.Assert.fail(Assert.java:99)
	at org.testng.Assert.failNotEquals(Assert.java:1037)
	at org.testng.Assert.assertTrue(Assert.java:45)
	at org.testng.Assert.assertTrue(Assert.java:55)
	at com.sat2credit.testcases.FarmDetailsVerification.validateCreditScoreImage_TC27(FarmDetailsVerification.java:329)
	at java.base/jdk.internal.reflect.NativeMethodAccessorImpl.invoke0(Native Method)
	at java.base/jdk.internal.reflect.NativeMethodAccessorImpl.invoke(NativeMethodAccessorImpl.java:62)
	at java.base/jdk.internal.reflect.DelegatingMethodAccessorImpl.invoke(DelegatingMethodAccessorImpl.java:43)
	at java.base/java.lang.reflect.Method.invoke(Method.java:566)
	at org.testng.internal.MethodInvocationHelper.invokeMethod(MethodInvocationHelper.java:133)
	at org.testng.internal.TestInvoker.invokeMethod(TestInvoker.java:598)
	at org.testng.internal.TestInvoker.invokeTestMethod(TestInvoker.java:173)
	at org.testng.internal.MethodRunner.runInSequence(MethodRunner.java:46)
	at org.testng.internal.TestInvoker$MethodInvocationAgent.invoke(TestInvoker.java:824)
	at org.testng.internal.TestInvoker.invokeTestMethods(TestInvoker.java:146)
	at org.testng.internal.TestMethodWorker.invokeTestMethods(TestMethodWorker.java:146)
	at org.testng.internal.TestMethodWorker.run(TestMethodWorker.java:128)
	at java.base/java.util.ArrayList.forEach(ArrayList.java:1541)
	at org.testng.TestRunner.privateRun(TestRunner.java:794)
	at org.testng.TestRunner.run(TestRunner.java:596)
	at org.testng.SuiteRunner.runTest(SuiteRunner.java:377)
	at org.testng.SuiteRunner.runSequentially(SuiteRunner.java:371)
	at org.testng.SuiteRunner.privateRun(SuiteRunner.java:332)
	at org.testng.SuiteRunner.run(SuiteRunner.java:276)
	at org.testng.SuiteRunnerWorker.runSuite(SuiteRunnerWorker.java:53)
	at org.testng.SuiteRunnerWorker.run(SuiteRunnerWorker.java:96)
	at org.testng.TestNG.runSuitesSequentially(TestNG.java:1212)
	at org.testng.TestNG.runSuitesLocally(TestNG.java:1134)
	at org.testng.TestNG.runSuites(TestNG.java:1063)
	at org.testng.TestNG.run(TestNG.java:1031)
	at org.testng.remote.AbstractRemoteTestNG.run(AbstractRemoteTestNG.java:115)
	at org.testng.remote.RemoteTestNG.initAndRun(RemoteTestNG.java:251)
	at org.testng.remote.RemoteTestNG.main(RemoteTestNG.java:77)
</pre></div></td>
<td>15</td>
<td>com.sat2credit.testcases.FarmDetailsVerification@222545dc</td></tr>
</table><p>
<table width='100%' border='1' class='invocation-passed'>
<tr><td colspan='4' align='center'><b>PASSED TESTS</b></td></tr>
<tr><td><b>Test method</b></td>
<td width="30%"><b>Exception</b></td>
<td width="10%"><b>Time (seconds)</b></td>
<td><b>Instance</b></td>
</tr>
<tr>
<td title='com.sat2credit.testcases.FarmDetailsVerification.validateAnnualRainFallText_TC18()'><b>validateAnnualRainFallText_TC18</b><br>Test class: com.sat2credit.testcases.FarmDetailsVerification</td>
<td></td>
<td>0</td>
<td>com.sat2credit.testcases.FarmDetailsVerification@222545dc</td></tr>
<tr>
<td title='com.sat2credit.testcases.FarmDetailsVerification.validateDroughtRiskGraph_TC15()'><b>validateDroughtRiskGraph_TC15</b><br>Test class: com.sat2credit.testcases.FarmDetailsVerification</td>
<td></td>
<td>0</td>
<td>com.sat2credit.testcases.FarmDetailsVerification@222545dc</td></tr>
<tr>
<td title='com.sat2credit.testcases.FarmDetailsVerification.validateRepaymentCapacityTable_TC25()'><b>validateRepaymentCapacityTable_TC25</b><br>Test class: com.sat2credit.testcases.FarmDetailsVerification</td>
<td></td>
<td>0</td>
<td>com.sat2credit.testcases.FarmDetailsVerification@222545dc</td></tr>
<tr>
<td title='com.sat2credit.testcases.FarmDetailsVerification.validateTheFarmID_TC08()'><b>validateTheFarmID_TC08</b><br>Test class: com.sat2credit.testcases.FarmDetailsVerification</td>
<td></td>
<td>0</td>
<td>com.sat2credit.testcases.FarmDetailsVerification@222545dc</td></tr>
<tr>
<td title='com.sat2credit.testcases.FarmDetailsVerification.validateFloodRiskText_TC16()'><b>validateFloodRiskText_TC16</b><br>Test class: com.sat2credit.testcases.FarmDetailsVerification</td>
<td></td>
<td>0</td>
<td>com.sat2credit.testcases.FarmDetailsVerification@222545dc</td></tr>
<tr>
<td title='com.sat2credit.testcases.FarmDetailsVerification.moveTOHomePage()'><b>moveTOHomePage</b><br>Test class: com.sat2credit.testcases.FarmDetailsVerification</td>
<td></td>
<td>4</td>
<td>com.sat2credit.testcases.FarmDetailsVerification@222545dc</td></tr>
<tr>
<td title='com.sat2credit.testcases.FarmDetailsVerification.verifyTheRiskEstimation_TC13()'><b>verifyTheRiskEstimation_TC13</b><br>Test class: com.sat2credit.testcases.FarmDetailsVerification</td>
<td></td>
<td>0</td>
<td>com.sat2credit.testcases.FarmDetailsVerification@222545dc</td></tr>
<tr>
<td title='com.sat2credit.testcases.FarmDetailsVerification.validateAnnualRainfallGraph_TC19()'><b>validateAnnualRainfallGraph_TC19</b><br>Test class: com.sat2credit.testcases.FarmDetailsVerification</td>
<td></td>
<td>0</td>
<td>com.sat2credit.testcases.FarmDetailsVerification@222545dc</td></tr>
<tr>
<td title='com.sat2credit.testcases.FarmDetailsVerification.verifyFarmName_TC03()'><b>verifyFarmName_TC03</b><br>Test class: com.sat2credit.testcases.FarmDetailsVerification</td>
<td></td>
<td>2</td>
<td>com.sat2credit.testcases.FarmDetailsVerification@222545dc</td></tr>
<tr>
<td title='com.sat2credit.testcases.FarmDetailsVerification.verifyUser_TC01()'><b>verifyUser_TC01</b><br>Test class: com.sat2credit.testcases.FarmDetailsVerification</td>
<td></td>
<td>6</td>
<td>com.sat2credit.testcases.FarmDetailsVerification@222545dc</td></tr>
<tr>
<td title='com.sat2credit.testcases.FarmDetailsVerification.validateVHIMonitoringDetails_TC22()'><b>validateVHIMonitoringDetails_TC22</b><br>Test class: com.sat2credit.testcases.FarmDetailsVerification</td>
<td></td>
<td>0</td>
<td>com.sat2credit.testcases.FarmDetailsVerification@222545dc</td></tr>
<tr>
<td title='com.sat2credit.testcases.FarmDetailsVerification.validateLatitudeAndLongitude_TC12()'><b>validateLatitudeAndLongitude_TC12</b><br>Test class: com.sat2credit.testcases.FarmDetailsVerification</td>
<td></td>
<td>0</td>
<td>com.sat2credit.testcases.FarmDetailsVerification@222545dc</td></tr>
<tr>
<td title='com.sat2credit.testcases.FarmDetailsVerification.verifyZoomInButton_TC04()'><b>verifyZoomInButton_TC04</b><br>Test class: com.sat2credit.testcases.FarmDetailsVerification</td>
<td></td>
<td>0</td>
<td>com.sat2credit.testcases.FarmDetailsVerification@222545dc</td></tr>
<tr>
<td title='com.sat2credit.testcases.FarmDetailsVerification.clickOnZoomInButton_TC05()'><b>clickOnZoomInButton_TC05</b><br>Test class: com.sat2credit.testcases.FarmDetailsVerification</td>
<td></td>
<td>0</td>
<td>com.sat2credit.testcases.FarmDetailsVerification@222545dc</td></tr>
<tr>
<td title='com.sat2credit.testcases.FarmDetailsVerification.validateDroughtRiskText_TC14()'><b>validateDroughtRiskText_TC14</b><br>Test class: com.sat2credit.testcases.FarmDetailsVerification</td>
<td></td>
<td>0</td>
<td>com.sat2credit.testcases.FarmDetailsVerification@222545dc</td></tr>
<tr>
<td title='com.sat2credit.testcases.FarmDetailsVerification.validateSMMonitoringDetails_TC20()'><b>validateSMMonitoringDetails_TC20</b><br>Test class: com.sat2credit.testcases.FarmDetailsVerification</td>
<td></td>
<td>0</td>
<td>com.sat2credit.testcases.FarmDetailsVerification@222545dc</td></tr>
<tr>
<td title='com.sat2credit.testcases.FarmDetailsVerification.validateVHIMonitoringGraph_TC23()'><b>validateVHIMonitoringGraph_TC23</b><br>Test class: com.sat2credit.testcases.FarmDetailsVerification</td>
<td></td>
<td>0</td>
<td>com.sat2credit.testcases.FarmDetailsVerification@222545dc</td></tr>
<tr>
<td title='com.sat2credit.testcases.FarmDetailsVerification.verifyTheRepaymentCapacityDetails_TC24()'><b>verifyTheRepaymentCapacityDetails_TC24</b><br>Test class: com.sat2credit.testcases.FarmDetailsVerification</td>
<td></td>
<td>2</td>
<td>com.sat2credit.testcases.FarmDetailsVerification@222545dc</td></tr>
<tr>
<td title='com.sat2credit.testcases.FarmDetailsVerification.validateCropName_TC10()'><b>validateCropName_TC10</b><br>Test class: com.sat2credit.testcases.FarmDetailsVerification</td>
<td></td>
<td>0</td>
<td>com.sat2credit.testcases.FarmDetailsVerification@222545dc</td></tr>
<tr>
<td title='com.sat2credit.testcases.FarmDetailsVerification.validateTheFarmName_TC09()'><b>validateTheFarmName_TC09</b><br>Test class: com.sat2credit.testcases.FarmDetailsVerification</td>
<td></td>
<td>0</td>
<td>com.sat2credit.testcases.FarmDetailsVerification@222545dc</td></tr>
<tr>
<td title='com.sat2credit.testcases.FarmDetailsVerification.validateCropAge_TC13()'><b>validateCropAge_TC13</b><br>Test class: com.sat2credit.testcases.FarmDetailsVerification</td>
<td></td>
<td>0</td>
<td>com.sat2credit.testcases.FarmDetailsVerification@222545dc</td></tr>
<tr>
<td title='com.sat2credit.testcases.FarmDetailsVerification.validateFloodRiskGraph_TC17()'><b>validateFloodRiskGraph_TC17</b><br>Test class: com.sat2credit.testcases.FarmDetailsVerification</td>
<td></td>
<td>0</td>
<td>com.sat2credit.testcases.FarmDetailsVerification@222545dc</td></tr>
<tr>
<td title='com.sat2credit.testcases.FarmDetailsVerification.verifyZoomOutButton_TC06()'><b>verifyZoomOutButton_TC06</b><br>Test class: com.sat2credit.testcases.FarmDetailsVerification</td>
<td></td>
<td>0</td>
<td>com.sat2credit.testcases.FarmDetailsVerification@222545dc</td></tr>
<tr>
<td title='com.sat2credit.testcases.FarmDetailsVerification.clickOnFarm_TC02()'><b>clickOnFarm_TC02</b><br>Test class: com.sat2credit.testcases.FarmDetailsVerification</td>
<td></td>
<td>2</td>
<td>com.sat2credit.testcases.FarmDetailsVerification@222545dc</td></tr>
<tr>
<td title='com.sat2credit.testcases.FarmDetailsVerification.validateSMmonitoringGraph_TC21()'><b>validateSMmonitoringGraph_TC21</b><br>Test class: com.sat2credit.testcases.FarmDetailsVerification</td>
<td></td>
<td>0</td>
<td>com.sat2credit.testcases.FarmDetailsVerification@222545dc</td></tr>
<tr>
<td title='com.sat2credit.testcases.FarmDetailsVerification.clickONZoomOutButton_TC07()'><b>clickONZoomOutButton_TC07</b><br>Test class: com.sat2credit.testcases.FarmDetailsVerification</td>
<td></td>
<td>0</td>
<td>com.sat2credit.testcases.FarmDetailsVerification@222545dc</td></tr>
<tr>
<td title='com.sat2credit.testcases.FarmDetailsVerification.validateCreditScoreDetails_TC26()'><b>validateCreditScoreDetails_TC26</b><br>Test class: com.sat2credit.testcases.FarmDetailsVerification</td>
<td></td>
<td>2</td>
<td>com.sat2credit.testcases.FarmDetailsVerification@222545dc</td></tr>
</table><p>
<table width='100%' border='1' class='invocation-skipped'>
<tr><td colspan='4' align='center'><b>SKIPPED TESTS</b></td></tr>
<tr><td><b>Test method</b></td>
<td width="30%"><b>Exception</b></td>
<td width="10%"><b>Time (seconds)</b></td>
<td><b>Instance</b></td>
</tr>
<tr>
<td title='com.sat2credit.testcases.FarmDetailsVerification.validateCreditScorePoints_TC28()'><b>validateCreditScorePoints_TC28</b><br>Test class: com.sat2credit.testcases.FarmDetailsVerification</td>
<td><div><pre>java.lang.Throwable: Method FarmDetailsVerification.validateCreditScorePoints_TC28()[pri:0, instance:com.sat2credit.testcases.FarmDetailsVerification@222545dc] depends on not successfully finished methods
	at org.testng.internal.TestInvoker.invokeTestMethods(TestInvoker.java:102)
	at org.testng.internal.TestMethodWorker.invokeTestMethods(TestMethodWorker.java:146)
	at org.testng.internal.TestMethodWorker.run(TestMethodWorker.java:128)
	at java.base/java.util.ArrayList.forEach(ArrayList.java:1541)
	at org.testng.TestRunner.privateRun(TestRunner.java:794)
	at org.testng.TestRunner.run(TestRunner.java:596)
	at org.testng.SuiteRunner.runTest(SuiteRunner.java:377)
	at org.testng.SuiteRunner.runSequentially(SuiteRunner.java:371)
	at org.testng.SuiteRunner.privateRun(SuiteRunner.java:332)
	at org.testng.SuiteRunner.run(SuiteRunner.java:276)
	at org.testng.SuiteRunnerWorker.runSuite(SuiteRunnerWorker.java:53)
	at org.testng.SuiteRunnerWorker.run(SuiteRunnerWorker.java:96)
	at org.testng.TestNG.runSuitesSequentially(TestNG.java:1212)
	at org.testng.TestNG.runSuitesLocally(TestNG.java:1134)
	at org.testng.TestNG.runSuites(TestNG.java:1063)
	at org.testng.TestNG.run(TestNG.java:1031)
	at org.testng.remote.AbstractRemoteTestNG.run(AbstractRemoteTestNG.java:115)
	at org.testng.remote.RemoteTestNG.initAndRun(RemoteTestNG.java:251)
	at org.testng.remote.RemoteTestNG.main(RemoteTestNG.java:77)
</pre></div><a href='#' onClick='toggleBox("stack-trace589489519", this, "Click to show all stack frames", "Click to hide stack frames")'>Click to show all stack frames</a>
<div class='stack-trace' id='stack-trace589489519'><pre>java.lang.Throwable: Method FarmDetailsVerification.validateCreditScorePoints_TC28()[pri:0, instance:com.sat2credit.testcases.FarmDetailsVerification@222545dc] depends on not successfully finished methods
	at org.testng.internal.TestInvoker.invokeTestMethods(TestInvoker.java:102)
	at org.testng.internal.TestMethodWorker.invokeTestMethods(TestMethodWorker.java:146)
	at org.testng.internal.TestMethodWorker.run(TestMethodWorker.java:128)
	at java.base/java.util.ArrayList.forEach(ArrayList.java:1541)
	at org.testng.TestRunner.privateRun(TestRunner.java:794)
	at org.testng.TestRunner.run(TestRunner.java:596)
	at org.testng.SuiteRunner.runTest(SuiteRunner.java:377)
	at org.testng.SuiteRunner.runSequentially(SuiteRunner.java:371)
	at org.testng.SuiteRunner.privateRun(SuiteRunner.java:332)
	at org.testng.SuiteRunner.run(SuiteRunner.java:276)
	at org.testng.SuiteRunnerWorker.runSuite(SuiteRunnerWorker.java:53)
	at org.testng.SuiteRunnerWorker.run(SuiteRunnerWorker.java:96)
	at org.testng.TestNG.runSuitesSequentially(TestNG.java:1212)
	at org.testng.TestNG.runSuitesLocally(TestNG.java:1134)
	at org.testng.TestNG.runSuites(TestNG.java:1063)
	at org.testng.TestNG.run(TestNG.java:1031)
	at org.testng.remote.AbstractRemoteTestNG.run(AbstractRemoteTestNG.java:115)
	at org.testng.remote.RemoteTestNG.initAndRun(RemoteTestNG.java:251)
	at org.testng.remote.RemoteTestNG.main(RemoteTestNG.java:77)
</pre></div></td>
<td>0</td>
<td>com.sat2credit.testcases.FarmDetailsVerification@222545dc</td></tr>
</table><p>
</body>
</html>