<?xml version="1.0" encoding="UTF-8"?>
<!-- Generated by org.testng.reporters.JUnitXMLReporter -->
<testsuite ignored="0" hostname="user" failures="1" tests="29" name="Default test" time="106.222" errors="0" timestamp="2023-02-01T10:57:10 IST">
  <testcase classname="com.sat2credit.testcases.FarmDetailsVerification" name="moveTOHomePage" time="4.376"/>
  <testcase classname="com.sat2credit.testcases.FarmDetailsVerification" name="verifyUser_TC01" time="6.117"/>
  <testcase classname="com.sat2credit.testcases.FarmDetailsVerification" name="clickOnFarm_TC02" time="2.401"/>
  <testcase classname="com.sat2credit.testcases.FarmDetailsVerification" name="verifyFarmName_TC03" time="2.096"/>
  <testcase classname="com.sat2credit.testcases.FarmDetailsVerification" name="verifyZoomInButton_TC04" time="0.051"/>
  <testcase classname="com.sat2credit.testcases.FarmDetailsVerification" name="clickOnZoomInButton_TC05" time="0.06"/>
  <testcase classname="com.sat2credit.testcases.FarmDetailsVerification" name="verifyZoomOutButton_TC06" time="0.056"/>
  <testcase classname="com.sat2credit.testcases.FarmDetailsVerification" name="clickONZoomOutButton_TC07" time="0.058"/>
  <testcase classname="com.sat2credit.testcases.FarmDetailsVerification" name="validateTheFarmName_TC09" time="0.052"/>
  <testcase classname="com.sat2credit.testcases.FarmDetailsVerification" name="validateCropName_TC10" time="0.039"/>
  <testcase classname="com.sat2credit.testcases.FarmDetailsVerification" name="validateCropAge_TC13" time="0.029"/>
  <testcase classname="com.sat2credit.testcases.FarmDetailsVerification" name="validateLatitudeAndLongitude_TC12" time="0.061"/>
  <testcase classname="com.sat2credit.testcases.FarmDetailsVerification" name="validateTheFarmID_TC08" time="0.083"/>
  <testcase classname="com.sat2credit.testcases.FarmDetailsVerification" name="validateCreditScoreDetails_TC26" time="2.124"/>
  <testcase classname="com.sat2credit.testcases.FarmDetailsVerification" name="validateCreditScoreImage_TC27" time="15.132">
    <failure type="java.lang.AssertionError" message="expected [true] but found [false]">
      <![CDATA[java.lang.AssertionError: expected [true] but found [false]
at org.testng.Assert.fail(Assert.java:99)
at org.testng.Assert.failNotEquals(Assert.java:1037)
at org.testng.Assert.assertTrue(Assert.java:45)
at org.testng.Assert.assertTrue(Assert.java:55)
at com.sat2credit.testcases.FarmDetailsVerification.validateCreditScoreImage_TC27(FarmDetailsVerification.java:329)
at java.base/jdk.internal.reflect.NativeMethodAccessorImpl.invoke0(Native Method)
at java.base/jdk.internal.reflect.NativeMethodAccessorImpl.invoke(NativeMethodAccessorImpl.java:62)
at java.base/jdk.internal.reflect.DelegatingMethodAccessorImpl.invoke(DelegatingMethodAccessorImpl.java:43)
at java.base/java.lang.reflect.Method.invoke(Method.java:566)
at org.testng.internal.MethodInvocationHelper.invokeMethod(MethodInvocationHelper.java:133)
at org.testng.internal.TestInvoker.invokeMethod(TestInvoker.java:598)
at org.testng.internal.TestInvoker.invokeTestMethod(TestInvoker.java:173)
at org.testng.internal.MethodRunner.runInSequence(MethodRunner.java:46)
at org.testng.internal.TestInvoker$MethodInvocationAgent.invoke(TestInvoker.java:824)
at org.testng.internal.TestInvoker.invokeTestMethods(TestInvoker.java:146)
at org.testng.internal.TestMethodWorker.invokeTestMethods(TestMethodWorker.java:146)
at org.testng.internal.TestMethodWorker.run(TestMethodWorker.java:128)
at java.base/java.util.ArrayList.forEach(ArrayList.java:1541)
at org.testng.TestRunner.privateRun(TestRunner.java:794)
at org.testng.TestRunner.run(TestRunner.java:596)
at org.testng.SuiteRunner.runTest(SuiteRunner.java:377)
at org.testng.SuiteRunner.runSequentially(SuiteRunner.java:371)
at org.testng.SuiteRunner.privateRun(SuiteRunner.java:332)
at org.testng.SuiteRunner.run(SuiteRunner.java:276)
at org.testng.SuiteRunnerWorker.runSuite(SuiteRunnerWorker.java:53)
at org.testng.SuiteRunnerWorker.run(SuiteRunnerWorker.java:96)
at org.testng.TestNG.runSuitesSequentially(TestNG.java:1212)
at org.testng.TestNG.runSuitesLocally(TestNG.java:1134)
at org.testng.TestNG.runSuites(TestNG.java:1063)
at org.testng.TestNG.run(TestNG.java:1031)
at org.testng.remote.AbstractRemoteTestNG.run(AbstractRemoteTestNG.java:115)
at org.testng.remote.RemoteTestNG.initAndRun(RemoteTestNG.java:251)
at org.testng.remote.RemoteTestNG.main(RemoteTestNG.java:77)
]]>
    </failure>
  </testcase> <!-- validateCreditScoreImage_TC27 -->
  <testcase classname="com.sat2credit.testcases.FarmDetailsVerification" name="validateCreditScorePoints_TC28" time="0.0">
    <skipped/>
  </testcase> <!-- validateCreditScorePoints_TC28 -->
  <testcase classname="com.sat2credit.testcases.FarmDetailsVerification" name="verifyTheRepaymentCapacityDetails_TC24" time="2.076"/>
  <testcase classname="com.sat2credit.testcases.FarmDetailsVerification" name="validateRepaymentCapacityTable_TC25" time="0.047"/>
  <testcase classname="com.sat2credit.testcases.FarmDetailsVerification" name="verifyTheRiskEstimation_TC13" time="0.152"/>
  <testcase classname="com.sat2credit.testcases.FarmDetailsVerification" name="validateAnnualRainFallText_TC18" time="0.076"/>
  <testcase classname="com.sat2credit.testcases.FarmDetailsVerification" name="validateAnnualRainfallGraph_TC19" time="0.085"/>
  <testcase classname="com.sat2credit.testcases.FarmDetailsVerification" name="validateDroughtRiskText_TC14" time="0.022"/>
  <testcase classname="com.sat2credit.testcases.FarmDetailsVerification" name="validateDroughtRiskGraph_TC15" time="0.078"/>
  <testcase classname="com.sat2credit.testcases.FarmDetailsVerification" name="validateFloodRiskText_TC16" time="0.074"/>
  <testcase classname="com.sat2credit.testcases.FarmDetailsVerification" name="validateFloodRiskGraph_TC17" time="0.058"/>
  <testcase classname="com.sat2credit.testcases.FarmDetailsVerification" name="validateSMMonitoringDetails_TC20" time="0.051"/>
  <testcase classname="com.sat2credit.testcases.FarmDetailsVerification" name="validateSMmonitoringGraph_TC21" time="0.038"/>
  <testcase classname="com.sat2credit.testcases.FarmDetailsVerification" name="validateVHIMonitoringDetails_TC22" time="0.043"/>
  <testcase classname="com.sat2credit.testcases.FarmDetailsVerification" name="validateVHIMonitoringGraph_TC23" time="0.027"/>
</testsuite> <!-- Default test -->
