<?xml version="1.0" encoding="UTF-8"?>
<testng-results ignored="0" total="29" passed="27" failed="1" skipped="1">
  <reporter-output>
  </reporter-output>
  <suite started-at="2023-02-01T10:55:24 IST" name="Default suite" finished-at="2023-02-01T10:57:10 IST" duration-ms="106222">
    <groups>
    </groups>
    <test started-at="2023-02-01T10:55:24 IST" name="Default test" finished-at="2023-02-01T10:57:10 IST" duration-ms="106222">
      <class name="com.sat2credit.testcases.FarmDetailsVerification">
        <test-method is-config="true" signature="setUp()[pri:0, instance:com.sat2credit.testcases.FarmDetailsVerification@222545dc]" started-at="2023-02-01T10:55:24 IST" name="setUp" finished-at="2023-02-01T10:55:37 IST" duration-ms="13267" status="PASS">
          <reporter-output>
          </reporter-output>
        </test-method> <!-- setUp -->
        <test-method signature="moveTOHomePage()[pri:0, instance:com.sat2credit.testcases.FarmDetailsVerification@222545dc]" started-at="2023-02-01T10:55:37 IST" name="moveTOHomePage" finished-at="2023-02-01T10:55:42 IST" duration-ms="4376" status="PASS">
          <reporter-output>
          </reporter-output>
        </test-method> <!-- moveTOHomePage -->
        <test-method signature="verifyUser_TC01()[pri:1, instance:com.sat2credit.testcases.FarmDetailsVerification@222545dc]" started-at="2023-02-01T10:55:44 IST" name="verifyUser_TC01" finished-at="2023-02-01T10:55:50 IST" duration-ms="6117" status="PASS">
          <reporter-output>
          </reporter-output>
        </test-method> <!-- verifyUser_TC01 -->
        <test-method signature="clickOnFarm_TC02()[pri:2, instance:com.sat2credit.testcases.FarmDetailsVerification@222545dc]" started-at="2023-02-01T10:55:52 IST" name="clickOnFarm_TC02" finished-at="2023-02-01T10:55:54 IST" duration-ms="2401" status="PASS">
          <reporter-output>
          </reporter-output>
        </test-method> <!-- clickOnFarm_TC02 -->
        <test-method signature="verifyFarmName_TC03()[pri:3, instance:com.sat2credit.testcases.FarmDetailsVerification@222545dc]" started-at="2023-02-01T10:55:56 IST" name="verifyFarmName_TC03" finished-at="2023-02-01T10:55:58 IST" duration-ms="2096" status="PASS">
          <reporter-output>
          </reporter-output>
        </test-method> <!-- verifyFarmName_TC03 -->
        <test-method signature="verifyZoomInButton_TC04()[pri:4, instance:com.sat2credit.testcases.FarmDetailsVerification@222545dc]" started-at="2023-02-01T10:56:00 IST" name="verifyZoomInButton_TC04" finished-at="2023-02-01T10:56:00 IST" duration-ms="51" status="PASS">
          <reporter-output>
          </reporter-output>
        </test-method> <!-- verifyZoomInButton_TC04 -->
        <test-method signature="clickOnZoomInButton_TC05()[pri:5, instance:com.sat2credit.testcases.FarmDetailsVerification@222545dc]" started-at="2023-02-01T10:56:02 IST" name="clickOnZoomInButton_TC05" finished-at="2023-02-01T10:56:03 IST" duration-ms="60" status="PASS">
          <reporter-output>
          </reporter-output>
        </test-method> <!-- clickOnZoomInButton_TC05 -->
        <test-method signature="verifyZoomOutButton_TC06()[pri:6, instance:com.sat2credit.testcases.FarmDetailsVerification@222545dc]" started-at="2023-02-01T10:56:05 IST" name="verifyZoomOutButton_TC06" finished-at="2023-02-01T10:56:05 IST" duration-ms="56" status="PASS">
          <reporter-output>
          </reporter-output>
        </test-method> <!-- verifyZoomOutButton_TC06 -->
        <test-method signature="clickONZoomOutButton_TC07()[pri:7, instance:com.sat2credit.testcases.FarmDetailsVerification@222545dc]" started-at="2023-02-01T10:56:07 IST" name="clickONZoomOutButton_TC07" finished-at="2023-02-01T10:56:07 IST" duration-ms="58" status="PASS">
          <reporter-output>
          </reporter-output>
        </test-method> <!-- clickONZoomOutButton_TC07 -->
        <test-method signature="validateTheFarmName_TC09()[pri:8, instance:com.sat2credit.testcases.FarmDetailsVerification@222545dc]" started-at="2023-02-01T10:56:09 IST" name="validateTheFarmName_TC09" finished-at="2023-02-01T10:56:09 IST" duration-ms="52" status="PASS">
          <reporter-output>
          </reporter-output>
        </test-method> <!-- validateTheFarmName_TC09 -->
        <test-method signature="validateCropName_TC10()[pri:9, instance:com.sat2credit.testcases.FarmDetailsVerification@222545dc]" started-at="2023-02-01T10:56:11 IST" name="validateCropName_TC10" finished-at="2023-02-01T10:56:11 IST" duration-ms="39" status="PASS">
          <reporter-output>
          </reporter-output>
        </test-method> <!-- validateCropName_TC10 -->
        <test-method signature="validateCropAge_TC13()[pri:10, instance:com.sat2credit.testcases.FarmDetailsVerification@222545dc]" started-at="2023-02-01T10:56:13 IST" name="validateCropAge_TC13" finished-at="2023-02-01T10:56:13 IST" duration-ms="29" status="PASS">
          <reporter-output>
          </reporter-output>
        </test-method> <!-- validateCropAge_TC13 -->
        <test-method signature="validateLatitudeAndLongitude_TC12()[pri:11, instance:com.sat2credit.testcases.FarmDetailsVerification@222545dc]" started-at="2023-02-01T10:56:15 IST" name="validateLatitudeAndLongitude_TC12" finished-at="2023-02-01T10:56:15 IST" duration-ms="61" status="PASS">
          <reporter-output>
          </reporter-output>
        </test-method> <!-- validateLatitudeAndLongitude_TC12 -->
        <test-method signature="validateTheFarmID_TC08()[pri:12, instance:com.sat2credit.testcases.FarmDetailsVerification@222545dc]" started-at="2023-02-01T10:56:17 IST" name="validateTheFarmID_TC08" finished-at="2023-02-01T10:56:17 IST" duration-ms="83" status="PASS">
          <reporter-output>
          </reporter-output>
        </test-method> <!-- validateTheFarmID_TC08 -->
        <test-method signature="validateCreditScoreDetails_TC26()[pri:0, instance:com.sat2credit.testcases.FarmDetailsVerification@222545dc]" started-at="2023-02-01T10:56:19 IST" name="validateCreditScoreDetails_TC26" finished-at="2023-02-01T10:56:21 IST" depends-on-methods="com.sat2credit.testcases.FarmDetailsVerification.validateTheFarmID_TC08" duration-ms="2124" status="PASS">
          <reporter-output>
          </reporter-output>
        </test-method> <!-- validateCreditScoreDetails_TC26 -->
        <test-method signature="validateCreditScoreImage_TC27()[pri:0, instance:com.sat2credit.testcases.FarmDetailsVerification@222545dc]" started-at="2023-02-01T10:56:23 IST" name="validateCreditScoreImage_TC27" finished-at="2023-02-01T10:56:38 IST" depends-on-methods="com.sat2credit.testcases.FarmDetailsVerification.validateCreditScoreDetails_TC26" duration-ms="15132" status="FAIL">
          <exception class="java.lang.AssertionError">
            <message>
              <![CDATA[expected [true] but found [false]]]>
            </message>
            <full-stacktrace>
              <![CDATA[java.lang.AssertionError: expected [true] but found [false]
at org.testng.Assert.fail(Assert.java:99)
at org.testng.Assert.failNotEquals(Assert.java:1037)
at org.testng.Assert.assertTrue(Assert.java:45)
at org.testng.Assert.assertTrue(Assert.java:55)
at com.sat2credit.testcases.FarmDetailsVerification.validateCreditScoreImage_TC27(FarmDetailsVerification.java:329)
at java.base/jdk.internal.reflect.NativeMethodAccessorImpl.invoke0(Native Method)
at java.base/jdk.internal.reflect.NativeMethodAccessorImpl.invoke(NativeMethodAccessorImpl.java:62)
at java.base/jdk.internal.reflect.DelegatingMethodAccessorImpl.invoke(DelegatingMethodAccessorImpl.java:43)
at java.base/java.lang.reflect.Method.invoke(Method.java:566)
at org.testng.internal.MethodInvocationHelper.invokeMethod(MethodInvocationHelper.java:133)
at org.testng.internal.TestInvoker.invokeMethod(TestInvoker.java:598)
at org.testng.internal.TestInvoker.invokeTestMethod(TestInvoker.java:173)
at org.testng.internal.MethodRunner.runInSequence(MethodRunner.java:46)
at org.testng.internal.TestInvoker$MethodInvocationAgent.invoke(TestInvoker.java:824)
at org.testng.internal.TestInvoker.invokeTestMethods(TestInvoker.java:146)
at org.testng.internal.TestMethodWorker.invokeTestMethods(TestMethodWorker.java:146)
at org.testng.internal.TestMethodWorker.run(TestMethodWorker.java:128)
at java.base/java.util.ArrayList.forEach(ArrayList.java:1541)
at org.testng.TestRunner.privateRun(TestRunner.java:794)
at org.testng.TestRunner.run(TestRunner.java:596)
at org.testng.SuiteRunner.runTest(SuiteRunner.java:377)
at org.testng.SuiteRunner.runSequentially(SuiteRunner.java:371)
at org.testng.SuiteRunner.privateRun(SuiteRunner.java:332)
at org.testng.SuiteRunner.run(SuiteRunner.java:276)
at org.testng.SuiteRunnerWorker.runSuite(SuiteRunnerWorker.java:53)
at org.testng.SuiteRunnerWorker.run(SuiteRunnerWorker.java:96)
at org.testng.TestNG.runSuitesSequentially(TestNG.java:1212)
at org.testng.TestNG.runSuitesLocally(TestNG.java:1134)
at org.testng.TestNG.runSuites(TestNG.java:1063)
at org.testng.TestNG.run(TestNG.java:1031)
at org.testng.remote.AbstractRemoteTestNG.run(AbstractRemoteTestNG.java:115)
at org.testng.remote.RemoteTestNG.initAndRun(RemoteTestNG.java:251)
at org.testng.remote.RemoteTestNG.main(RemoteTestNG.java:77)
]]>
            </full-stacktrace>
          </exception> <!-- java.lang.AssertionError -->
          <reporter-output>
          </reporter-output>
        </test-method> <!-- validateCreditScoreImage_TC27 -->
        <test-method signature="validateCreditScorePoints_TC28()[pri:0, instance:com.sat2credit.testcases.FarmDetailsVerification@222545dc]" started-at="2023-02-01T10:56:41 IST" name="validateCreditScorePoints_TC28" finished-at="2023-02-01T10:56:41 IST" depends-on-methods="com.sat2credit.testcases.FarmDetailsVerification.validateCreditScoreImage_TC27" duration-ms="0" status="SKIP">
          <exception class="java.lang.Throwable">
            <message>
              <![CDATA[Method FarmDetailsVerification.validateCreditScorePoints_TC28()[pri:0, instance:com.sat2credit.testcases.FarmDetailsVerification@222545dc] depends on not successfully finished methods]]>
            </message>
            <full-stacktrace>
              <![CDATA[java.lang.Throwable: Method FarmDetailsVerification.validateCreditScorePoints_TC28()[pri:0, instance:com.sat2credit.testcases.FarmDetailsVerification@222545dc] depends on not successfully finished methods
at org.testng.internal.TestInvoker.invokeTestMethods(TestInvoker.java:102)
at org.testng.internal.TestMethodWorker.invokeTestMethods(TestMethodWorker.java:146)
at org.testng.internal.TestMethodWorker.run(TestMethodWorker.java:128)
at java.base/java.util.ArrayList.forEach(ArrayList.java:1541)
at org.testng.TestRunner.privateRun(TestRunner.java:794)
at org.testng.TestRunner.run(TestRunner.java:596)
at org.testng.SuiteRunner.runTest(SuiteRunner.java:377)
at org.testng.SuiteRunner.runSequentially(SuiteRunner.java:371)
at org.testng.SuiteRunner.privateRun(SuiteRunner.java:332)
at org.testng.SuiteRunner.run(SuiteRunner.java:276)
at org.testng.SuiteRunnerWorker.runSuite(SuiteRunnerWorker.java:53)
at org.testng.SuiteRunnerWorker.run(SuiteRunnerWorker.java:96)
at org.testng.TestNG.runSuitesSequentially(TestNG.java:1212)
at org.testng.TestNG.runSuitesLocally(TestNG.java:1134)
at org.testng.TestNG.runSuites(TestNG.java:1063)
at org.testng.TestNG.run(TestNG.java:1031)
at org.testng.remote.AbstractRemoteTestNG.run(AbstractRemoteTestNG.java:115)
at org.testng.remote.RemoteTestNG.initAndRun(RemoteTestNG.java:251)
at org.testng.remote.RemoteTestNG.main(RemoteTestNG.java:77)
]]>
            </full-stacktrace>
          </exception> <!-- java.lang.Throwable -->
          <reporter-output>
          </reporter-output>
        </test-method> <!-- validateCreditScorePoints_TC28 -->
        <test-method signature="verifyTheRepaymentCapacityDetails_TC24()[pri:0, instance:com.sat2credit.testcases.FarmDetailsVerification@222545dc]" started-at="2023-02-01T10:56:41 IST" name="verifyTheRepaymentCapacityDetails_TC24" finished-at="2023-02-01T10:56:43 IST" depends-on-methods="com.sat2credit.testcases.FarmDetailsVerification.validateTheFarmID_TC08" duration-ms="2076" status="PASS">
          <reporter-output>
          </reporter-output>
        </test-method> <!-- verifyTheRepaymentCapacityDetails_TC24 -->
        <test-method signature="validateRepaymentCapacityTable_TC25()[pri:0, instance:com.sat2credit.testcases.FarmDetailsVerification@222545dc]" started-at="2023-02-01T10:56:45 IST" name="validateRepaymentCapacityTable_TC25" finished-at="2023-02-01T10:56:45 IST" depends-on-methods="com.sat2credit.testcases.FarmDetailsVerification.verifyTheRepaymentCapacityDetails_TC24" duration-ms="47" status="PASS">
          <reporter-output>
          </reporter-output>
        </test-method> <!-- validateRepaymentCapacityTable_TC25 -->
        <test-method signature="verifyTheRiskEstimation_TC13()[pri:0, instance:com.sat2credit.testcases.FarmDetailsVerification@222545dc]" started-at="2023-02-01T10:56:47 IST" name="verifyTheRiskEstimation_TC13" finished-at="2023-02-01T10:56:47 IST" depends-on-methods="com.sat2credit.testcases.FarmDetailsVerification.validateTheFarmID_TC08" duration-ms="152" status="PASS">
          <reporter-output>
          </reporter-output>
        </test-method> <!-- verifyTheRiskEstimation_TC13 -->
        <test-method signature="validateAnnualRainFallText_TC18()[pri:0, instance:com.sat2credit.testcases.FarmDetailsVerification@222545dc]" started-at="2023-02-01T10:56:49 IST" name="validateAnnualRainFallText_TC18" finished-at="2023-02-01T10:56:49 IST" depends-on-methods="com.sat2credit.testcases.FarmDetailsVerification.verifyTheRiskEstimation_TC13" duration-ms="76" status="PASS">
          <reporter-output>
          </reporter-output>
        </test-method> <!-- validateAnnualRainFallText_TC18 -->
        <test-method signature="validateAnnualRainfallGraph_TC19()[pri:0, instance:com.sat2credit.testcases.FarmDetailsVerification@222545dc]" started-at="2023-02-01T10:56:51 IST" name="validateAnnualRainfallGraph_TC19" finished-at="2023-02-01T10:56:51 IST" depends-on-methods="com.sat2credit.testcases.FarmDetailsVerification.validateAnnualRainFallText_TC18" duration-ms="85" status="PASS">
          <reporter-output>
          </reporter-output>
        </test-method> <!-- validateAnnualRainfallGraph_TC19 -->
        <test-method signature="validateDroughtRiskText_TC14()[pri:0, instance:com.sat2credit.testcases.FarmDetailsVerification@222545dc]" started-at="2023-02-01T10:56:53 IST" name="validateDroughtRiskText_TC14" finished-at="2023-02-01T10:56:53 IST" depends-on-methods="com.sat2credit.testcases.FarmDetailsVerification.verifyTheRiskEstimation_TC13" duration-ms="22" status="PASS">
          <reporter-output>
          </reporter-output>
        </test-method> <!-- validateDroughtRiskText_TC14 -->
        <test-method signature="validateDroughtRiskGraph_TC15()[pri:0, instance:com.sat2credit.testcases.FarmDetailsVerification@222545dc]" started-at="2023-02-01T10:56:55 IST" name="validateDroughtRiskGraph_TC15" finished-at="2023-02-01T10:56:55 IST" depends-on-methods="com.sat2credit.testcases.FarmDetailsVerification.validateDroughtRiskText_TC14" duration-ms="78" status="PASS">
          <reporter-output>
          </reporter-output>
        </test-method> <!-- validateDroughtRiskGraph_TC15 -->
        <test-method signature="validateFloodRiskText_TC16()[pri:0, instance:com.sat2credit.testcases.FarmDetailsVerification@222545dc]" started-at="2023-02-01T10:56:57 IST" name="validateFloodRiskText_TC16" finished-at="2023-02-01T10:56:57 IST" depends-on-methods="com.sat2credit.testcases.FarmDetailsVerification.verifyTheRiskEstimation_TC13" duration-ms="74" status="PASS">
          <reporter-output>
          </reporter-output>
        </test-method> <!-- validateFloodRiskText_TC16 -->
        <test-method signature="validateFloodRiskGraph_TC17()[pri:0, instance:com.sat2credit.testcases.FarmDetailsVerification@222545dc]" started-at="2023-02-01T10:56:59 IST" name="validateFloodRiskGraph_TC17" finished-at="2023-02-01T10:56:59 IST" depends-on-methods="com.sat2credit.testcases.FarmDetailsVerification.validateFloodRiskText_TC16" duration-ms="58" status="PASS">
          <reporter-output>
          </reporter-output>
        </test-method> <!-- validateFloodRiskGraph_TC17 -->
        <test-method signature="validateSMMonitoringDetails_TC20()[pri:0, instance:com.sat2credit.testcases.FarmDetailsVerification@222545dc]" started-at="2023-02-01T10:57:01 IST" name="validateSMMonitoringDetails_TC20" finished-at="2023-02-01T10:57:01 IST" depends-on-methods="com.sat2credit.testcases.FarmDetailsVerification.verifyTheRiskEstimation_TC13" duration-ms="51" status="PASS">
          <reporter-output>
          </reporter-output>
        </test-method> <!-- validateSMMonitoringDetails_TC20 -->
        <test-method signature="validateSMmonitoringGraph_TC21()[pri:0, instance:com.sat2credit.testcases.FarmDetailsVerification@222545dc]" started-at="2023-02-01T10:57:03 IST" name="validateSMmonitoringGraph_TC21" finished-at="2023-02-01T10:57:03 IST" depends-on-methods="com.sat2credit.testcases.FarmDetailsVerification.validateSMMonitoringDetails_TC20" duration-ms="38" status="PASS">
          <reporter-output>
          </reporter-output>
        </test-method> <!-- validateSMmonitoringGraph_TC21 -->
        <test-method signature="validateVHIMonitoringDetails_TC22()[pri:0, instance:com.sat2credit.testcases.FarmDetailsVerification@222545dc]" started-at="2023-02-01T10:57:05 IST" name="validateVHIMonitoringDetails_TC22" finished-at="2023-02-01T10:57:05 IST" depends-on-methods="com.sat2credit.testcases.FarmDetailsVerification.verifyTheRiskEstimation_TC13" duration-ms="43" status="PASS">
          <reporter-output>
          </reporter-output>
        </test-method> <!-- validateVHIMonitoringDetails_TC22 -->
        <test-method signature="validateVHIMonitoringGraph_TC23()[pri:0, instance:com.sat2credit.testcases.FarmDetailsVerification@222545dc]" started-at="2023-02-01T10:57:07 IST" name="validateVHIMonitoringGraph_TC23" finished-at="2023-02-01T10:57:08 IST" depends-on-methods="com.sat2credit.testcases.FarmDetailsVerification.validateVHIMonitoringDetails_TC22" duration-ms="27" status="PASS">
          <reporter-output>
          </reporter-output>
        </test-method> <!-- validateVHIMonitoringGraph_TC23 -->
        <test-method is-config="true" signature="tearDown()[pri:0, instance:com.sat2credit.testcases.FarmDetailsVerification@222545dc]" started-at="2023-02-01T10:57:10 IST" name="tearDown" finished-at="2023-02-01T10:57:10 IST" duration-ms="209" status="PASS">
          <reporter-output>
          </reporter-output>
        </test-method> <!-- tearDown -->
      </class> <!-- com.sat2credit.testcases.FarmDetailsVerification -->
    </test> <!-- Default test -->
  </suite> <!-- Default suite -->
</testng-results>
