<?xml version="1.0" encoding="UTF-8"?>
<!-- Generated by org.testng.reporters.JUnitXMLReporter -->
<testsuite ignored="7" hostname="user" failures="0" tests="8" name="LoginScreen" time="2.756" errors="0" timestamp="2022-06-22T12:59:51 IST">
  <testcase classname="com.sat2credit.utilities.BaseClass" name="@BeforeClass setUp" time="2.561">
    <failure type="org.openqa.selenium.SessionNotCreatedException" message="Could not start a new session. Response code 500. Message: session not created: This version of ChromeDriver only supports Chrome version 101
Current browser version is 103.0.5060.53 with binary path /usr/bin/google-chrome
Build info: version: &amp;apos;4.1.2&amp;apos;, revision: &amp;apos;9a5a329c5a&amp;apos;
System info: host: &amp;apos;user&amp;apos;, ip: &amp;apos;127.0.1.1&amp;apos;, os.name: &amp;apos;Linux&amp;apos;, os.arch: &amp;apos;amd64&amp;apos;, os.version: &amp;apos;5.13.0-51-generic&amp;apos;, java.version: &amp;apos;11.0.15&amp;apos;
Driver info: org.openqa.selenium.chrome.ChromeDriver
Command: [null, newSession {capabilities=[Capabilities {browserName: chrome, goog:chromeOptions: {args: [], extensions: [], prefs: {download.default_directory: /home/user/eclipse-workspac..., profile.default_content_settings.popups: 0}}}], desiredCapabilities=Capabilities {browserName: chrome, goog:chromeOptions: {args: [], extensions: [], prefs: {download.default_directory: /home/user/eclipse-workspac..., profile.default_content_settings.popups: 0}}}}]">
      <![CDATA[org.openqa.selenium.SessionNotCreatedException: Could not start a new session. Response code 500. Message: session not created: This version of ChromeDriver only supports Chrome version 101
Current browser version is 103.0.5060.53 with binary path /usr/bin/google-chrome
Build info: version: '4.1.2', revision: '9a5a329c5a'
System info: host: 'user', ip: '127.0.1.1', os.name: 'Linux', os.arch: 'amd64', os.version: '5.13.0-51-generic', java.version: '11.0.15'
Driver info: org.openqa.selenium.chrome.ChromeDriver
Command: [null, newSession {capabilities=[Capabilities {browserName: chrome, goog:chromeOptions: {args: [], extensions: [], prefs: {download.default_directory: /home/user/eclipse-workspac..., profile.default_content_settings.popups: 0}}}], desiredCapabilities=Capabilities {browserName: chrome, goog:chromeOptions: {args: [], extensions: [], prefs: {download.default_directory: /home/user/eclipse-workspac..., profile.default_content_settings.popups: 0}}}}]
at org.openqa.selenium.remote.ProtocolHandshake.createSession(ProtocolHandshake.java:126)
at org.openqa.selenium.remote.ProtocolHandshake.createSession(ProtocolHandshake.java:84)
at org.openqa.selenium.remote.ProtocolHandshake.createSession(ProtocolHandshake.java:62)
at org.openqa.selenium.remote.HttpCommandExecutor.execute(HttpCommandExecutor.java:156)
at org.openqa.selenium.remote.service.DriverCommandExecutor.invokeExecute(DriverCommandExecutor.java:167)
at org.openqa.selenium.remote.service.DriverCommandExecutor.execute(DriverCommandExecutor.java:142)
at org.openqa.selenium.remote.RemoteWebDriver.execute(RemoteWebDriver.java:558)
at org.openqa.selenium.remote.RemoteWebDriver.startSession(RemoteWebDriver.java:245)
at org.openqa.selenium.remote.RemoteWebDriver.<init>(RemoteWebDriver.java:161)
at org.openqa.selenium.chromium.ChromiumDriver.<init>(ChromiumDriver.java:108)
at org.openqa.selenium.chrome.ChromeDriver.<init>(ChromeDriver.java:106)
at org.openqa.selenium.chrome.ChromeDriver.<init>(ChromeDriver.java:93)
at org.openqa.selenium.chrome.ChromeDriver.<init>(ChromeDriver.java:82)
at com.sat2credit.utilities.BaseClass.setUp(BaseClass.java:65)
at java.base/java.util.ArrayList.forEach(ArrayList.java:1541)
... Removed 25 stack frames]]>
    </failure>
  </testcase> <!-- @BeforeClass setUp -->
  <testcase classname="com.sat2credit.utilities.BaseClass" name="@AfterClass tearDown" time="-1.655882990907E9">
    <skipped/>
  </testcase> <!-- @AfterClass tearDown -->
  <testcase classname="com.sat2credit.testcases.LoginScreen" name="verifyTitleText_TC001" time="0.0">
    <skipped/>
  </testcase> <!-- verifyTitleText_TC001 -->
  <testcase classname="com.sat2credit.testcases.LoginScreen" name="verifyPhoneNumberInput_TC002" time="0.0">
    <skipped/>
  </testcase> <!-- verifyPhoneNumberInput_TC002 -->
  <testcase classname="com.sat2credit.testcases.LoginScreen" name="clickOnPhoneNumber_TC003" time="0.0">
    <skipped/>
  </testcase> <!-- clickOnPhoneNumber_TC003 -->
  <testcase classname="com.sat2credit.testcases.LoginScreen" name="verifyPasswordInput_TC005" time="0.0">
    <skipped/>
  </testcase> <!-- verifyPasswordInput_TC005 -->
  <testcase classname="com.sat2credit.testcases.LoginScreen" name="clickOnPassword_TC006" time="0.0">
    <skipped/>
  </testcase> <!-- clickOnPassword_TC006 -->
  <testcase classname="com.sat2credit.testcases.LoginScreen" name="verifyEyeButton_TC009" time="0.0">
    <skipped/>
  </testcase> <!-- verifyEyeButton_TC009 -->
  <testcase classname="com.sat2credit.testcases.LoginScreen" name="clickOnEyeButton_TC010" time="0.0">
    <skipped/>
  </testcase> <!-- clickOnEyeButton_TC010 -->
  <testcase classname="com.sat2credit.testcases.LoginScreen" name="verifyLoginButton_TC014" time="0.0">
    <skipped/>
  </testcase> <!-- verifyLoginButton_TC014 -->
  <testcase classname="com.sat2credit.testcases.LoginScreen" name="verifyPasswordEncryption_TC008" time="0.0">
    <ignored/>
  </testcase> <!-- verifyPasswordEncryption_TC008 -->
  <testcase classname="com.sat2credit.testcases.LoginScreen" name="enterPasswordInField_TC007" time="0.0">
    <ignored/>
  </testcase> <!-- enterPasswordInField_TC007 -->
  <testcase classname="com.sat2credit.testcases.LoginScreen" name="enterPhoneNumberInField_TC004" time="0.0">
    <ignored/>
  </testcase> <!-- enterPhoneNumberInField_TC004 -->
  <testcase classname="com.sat2credit.testcases.LoginScreen" name="verifyPhoneNumberWarningMessage_TC012" time="0.0">
    <ignored/>
  </testcase> <!-- verifyPhoneNumberWarningMessage_TC012 -->
  <testcase classname="com.sat2credit.testcases.LoginScreen" name="enterValidCredentialsAndClickLoginButton_TC015" time="0.0">
    <ignored/>
  </testcase> <!-- enterValidCredentialsAndClickLoginButton_TC015 -->
  <testcase classname="com.sat2credit.testcases.LoginScreen" name="verifyPasswordWarningMessage_TC013" time="0.0">
    <ignored/>
  </testcase> <!-- verifyPasswordWarningMessage_TC013 -->
  <testcase classname="com.sat2credit.testcases.LoginScreen" name="verifyPasswordUnencription_TC011" time="0.0">
    <ignored/>
  </testcase> <!-- verifyPasswordUnencription_TC011 -->
</testsuite> <!-- LoginScreen -->
