<?xml version="1.0" encoding="UTF-8"?>
<!-- Generated by org.testng.reporters.JUnitReportReporter -->
<testsuite hostname="DESKTOP-74CU5GP" failures="0" tests="30" name="com.sat2credit.testcases.UploadKMLFile" time="22.364" errors="2" timestamp="2022-03-30T12:58:39 IST" skipped="0">
  <testcase classname="com.sat2credit.testcases.UploadKMLFile" name="moveTOHomePage" time="4.392"/>
  <system-out/>
  <testcase classname="com.sat2credit.testcases.UploadKMLFile" name="verifyUploadKMLButton_TC01" time="0.089"/>
  <system-out/>
  <testcase classname="com.sat2credit.testcases.UploadKMLFile" name="clickOnUploadKMLButton_TC02" time="0.367"/>
  <system-out/>
  <testcase classname="com.sat2credit.testcases.UploadKMLFile" name="verifySampleKMLFileButton_TC03" time="0.075"/>
  <system-out/>
  <testcase classname="com.sat2credit.testcases.UploadKMLFile" name="clickOnSampleKMLFileButton_TC04" time="6.109"/>
  <system-out/>
  <testcase classname="com.sat2credit.testcases.UploadKMLFile" name="verifyCloseButton_TC05" time="0.063"/>
  <system-out/>
  <testcase classname="com.sat2credit.testcases.UploadKMLFile" name="clickOnCloseButton_TC06" time="0.220"/>
  <system-out/>
  <testcase classname="com.sat2credit.testcases.UploadKMLFile" name="verifyKMLFileUpload_TC07" time="0.224"/>
  <system-out/>
  <testcase classname="com.sat2credit.testcases.UploadKMLFile" name="clickOnKMLFileUpload_TC08" time="4.176"/>
  <system-out/>
  <testcase classname="com.sat2credit.testcases.UploadKMLFile" name="uploadKMLFileFromFolder_TC09" time="0.503"/>
  <system-out/>
  <testcase classname="com.sat2credit.testcases.UploadKMLFile" name="verify100PercentageCompletedText_TC10" time="1.391"/>
  <system-out/>
  <testcase classname="com.sat2credit.testcases.UploadKMLFile" name="verifyFarmNameInput_TC11" time="0.123"/>
  <system-out/>
  <testcase classname="com.sat2credit.testcases.UploadKMLFile" name="enterFarmNameInField_TC12" time="0.262"/>
  <system-out/>
  <testcase classname="com.sat2credit.testcases.UploadKMLFile" name="verifySurveyNumberInput_TC13" time="0.086"/>
  <system-out/>
  <testcase classname="com.sat2credit.testcases.UploadKMLFile" name="enterSurveyNumberInField_TC14" time="0.224"/>
  <system-out/>
  <testcase classname="com.sat2credit.testcases.UploadKMLFile" name="verifyStateInput_TC15" time="0.067"/>
  <system-out/>
  <testcase classname="com.sat2credit.testcases.UploadKMLFile" name="enterStateInField_TC16" time="0.267"/>
  <system-out/>
  <testcase classname="com.sat2credit.testcases.UploadKMLFile" name="verifyDistrictInput_TC17" time="0.068"/>
  <system-out/>
  <testcase classname="com.sat2credit.testcases.UploadKMLFile" name="enterDistrictInField_TC18" time="0.182"/>
  <system-out/>
  <testcase classname="com.sat2credit.testcases.UploadKMLFile" name="verifyTalukInput_TC19" time="0.057"/>
  <system-out/>
  <testcase classname="com.sat2credit.testcases.UploadKMLFile" name="enterTalukInField_TC20" time="0.182"/>
  <system-out/>
  <testcase classname="com.sat2credit.testcases.UploadKMLFile" name="verifyCropTypeDropDown_TC21" time="0.052"/>
  <system-out/>
  <testcase classname="com.sat2credit.testcases.UploadKMLFile" name="clickOnCropTypeDropdown_TC22" time="0.167"/>
  <system-out/>
  <testcase classname="com.sat2credit.testcases.UploadKMLFile" name="selectOneCropInDropdwon_TC23" time="0.283"/>
  <system-out/>
  <testcase classname="com.sat2credit.testcases.UploadKMLFile" name="verifySowingDateInput_TC24" time="0.055"/>
  <system-out/>
  <testcase classname="com.sat2credit.testcases.UploadKMLFile" name="clickOnSowingDateInput_TC25" time="0.136"/>
  <system-out/>
  <testcase classname="com.sat2credit.testcases.UploadKMLFile" name="verifySubmitButton_TC26" time="0.169"/>
  <system-out/>
  <testcase classname="com.sat2credit.testcases.UploadKMLFile" name="clickOnSubmitButton_TC27" time="2.239"/>
  <system-out/>
  <testcase classname="com.sat2credit.testcases.UploadKMLFile" name="verifyTheAddedFarm_TC28" time="0.083">
    <error message="move target out of bounds
  (Session info: chrome=99.0.4844.84)
Build info: version: &#039;4.1.2&#039;, revision: &#039;9a5a329c5a&#039;
System info: host: &#039;DESKTOP-74CU5GP&#039;, ip: &#039;192.168.0.170&#039;, os.name: &#039;Windows 10&#039;, os.arch: &#039;amd64&#039;, os.version: &#039;10.0&#039;, java.version: &#039;15&#039;
Driver info: org.openqa.selenium.chrome.ChromeDriver
Command: [d3fe029f6fce5fbbbfadeafc76353584, actions {actions=[org.openqa.selenium.interactions.Sequence@63a9c661]}]
Capabilities {acceptInsecureCerts: false, browserName: chrome, browserVersion: 99.0.4844.84, chrome: {chromedriverVersion: 99.0.4844.51 (d537ec02474b5..., userDataDir: C:\Users\lenovo\AppData\Loc...}, goog:chromeOptions: {debuggerAddress: localhost:60695}, javascriptEnabled: true, networkConnectionEnabled: false, pageLoadStrategy: normal, platform: WINDOWS, platformName: WINDOWS, proxy: Proxy(), se:cdp: ws://localhost:60695/devtoo..., se:cdpVersion: 99.0.4844.84, setWindowRect: true, strictFileInteractability: false, timeouts: {implicit: 0, pageLoad: 300000, script: 30000}, unhandledPromptBehavior: dismiss and notify, webauthn:extension:credBlob: true, webauthn:extension:largeBlob: true, webauthn:virtualAuthenticators: true}
Session ID: d3fe029f6fce5fbbbfadeafc76353584" type="org.openqa.selenium.interactions.MoveTargetOutOfBoundsException">
      <![CDATA[org.openqa.selenium.interactions.MoveTargetOutOfBoundsException: move target out of bounds
  (Session info: chrome=99.0.4844.84)
Build info: version: '4.1.2', revision: '9a5a329c5a'
System info: host: 'DESKTOP-74CU5GP', ip: '192.168.0.170', os.name: 'Windows 10', os.arch: 'amd64', os.version: '10.0', java.version: '15'
Driver info: org.openqa.selenium.chrome.ChromeDriver
Command: [d3fe029f6fce5fbbbfadeafc76353584, actions {actions=[org.openqa.selenium.interactions.Sequence@63a9c661]}]
Capabilities {acceptInsecureCerts: false, browserName: chrome, browserVersion: 99.0.4844.84, chrome: {chromedriverVersion: 99.0.4844.51 (d537ec02474b5..., userDataDir: C:\Users\lenovo\AppData\Loc...}, goog:chromeOptions: {debuggerAddress: localhost:60695}, javascriptEnabled: true, networkConnectionEnabled: false, pageLoadStrategy: normal, platform: WINDOWS, platformName: WINDOWS, proxy: Proxy(), se:cdp: ws://localhost:60695/devtoo..., se:cdpVersion: 99.0.4844.84, setWindowRect: true, strictFileInteractability: false, timeouts: {implicit: 0, pageLoad: 300000, script: 30000}, unhandledPromptBehavior: dismiss and notify, webauthn:extension:credBlob: true, webauthn:extension:largeBlob: true, webauthn:virtualAuthenticators: true}
Session ID: d3fe029f6fce5fbbbfadeafc76353584
at java.base/jdk.internal.reflect.NativeConstructorAccessorImpl.newInstance0(Native Method)
at java.base/jdk.internal.reflect.NativeConstructorAccessorImpl.newInstance(NativeConstructorAccessorImpl.java:64)
at java.base/jdk.internal.reflect.DelegatingConstructorAccessorImpl.newInstance(DelegatingConstructorAccessorImpl.java:45)
at java.base/java.lang.reflect.Constructor.newInstanceWithCaller(Constructor.java:500)
at java.base/java.lang.reflect.Constructor.newInstance(Constructor.java:481)
at org.openqa.selenium.remote.codec.w3c.W3CHttpResponseCodec.createException(W3CHttpResponseCodec.java:200)
at org.openqa.selenium.remote.codec.w3c.W3CHttpResponseCodec.decode(W3CHttpResponseCodec.java:133)
at org.openqa.selenium.remote.codec.w3c.W3CHttpResponseCodec.decode(W3CHttpResponseCodec.java:53)
at org.openqa.selenium.remote.HttpCommandExecutor.execute(HttpCommandExecutor.java:184)
at org.openqa.selenium.remote.service.DriverCommandExecutor.invokeExecute(DriverCommandExecutor.java:167)
at org.openqa.selenium.remote.service.DriverCommandExecutor.execute(DriverCommandExecutor.java:142)
at org.openqa.selenium.remote.RemoteWebDriver.execute(RemoteWebDriver.java:558)
at org.openqa.selenium.remote.RemoteWebDriver.perform(RemoteWebDriver.java:626)
at org.openqa.selenium.interactions.Actions$BuiltAction.perform(Actions.java:656)
at org.openqa.selenium.interactions.Actions.perform(Actions.java:612)
at com.sat2credit.pages.HomePage.mouseMoveTOFarms(HomePage.java:254)
at com.sat2credit.testcases.UploadKMLFile.verifyTheAddedFarm_TC28(UploadKMLFile.java:260)
at java.base/jdk.internal.reflect.NativeMethodAccessorImpl.invoke0(Native Method)
at java.base/jdk.internal.reflect.NativeMethodAccessorImpl.invoke(NativeMethodAccessorImpl.java:64)
at java.base/jdk.internal.reflect.DelegatingMethodAccessorImpl.invoke(DelegatingMethodAccessorImpl.java:43)
at java.base/java.lang.reflect.Method.invoke(Method.java:564)
at org.testng.internal.MethodInvocationHelper.invokeMethod(MethodInvocationHelper.java:133)
at org.testng.internal.TestInvoker.invokeMethod(TestInvoker.java:598)
at org.testng.internal.TestInvoker.invokeTestMethod(TestInvoker.java:173)
at org.testng.internal.MethodRunner.runInSequence(MethodRunner.java:46)
at org.testng.internal.TestInvoker$MethodInvocationAgent.invoke(TestInvoker.java:824)
at org.testng.internal.TestInvoker.invokeTestMethods(TestInvoker.java:146)
at org.testng.internal.TestMethodWorker.invokeTestMethods(TestMethodWorker.java:146)
at org.testng.internal.TestMethodWorker.run(TestMethodWorker.java:128)
at java.base/java.util.ArrayList.forEach(ArrayList.java:1511)
at org.testng.TestRunner.privateRun(TestRunner.java:794)
at org.testng.TestRunner.run(TestRunner.java:596)
at org.testng.SuiteRunner.runTest(SuiteRunner.java:377)
at org.testng.SuiteRunner.runSequentially(SuiteRunner.java:371)
at org.testng.SuiteRunner.privateRun(SuiteRunner.java:332)
at org.testng.SuiteRunner.run(SuiteRunner.java:276)
at org.testng.SuiteRunnerWorker.runSuite(SuiteRunnerWorker.java:53)
at org.testng.SuiteRunnerWorker.run(SuiteRunnerWorker.java:96)
at org.testng.TestNG.runSuitesSequentially(TestNG.java:1212)
at org.testng.TestNG.runSuitesLocally(TestNG.java:1134)
at org.testng.TestNG.runSuites(TestNG.java:1063)
at org.testng.TestNG.run(TestNG.java:1031)
at org.testng.remote.AbstractRemoteTestNG.run(AbstractRemoteTestNG.java:115)
at org.testng.remote.RemoteTestNG.initAndRun(RemoteTestNG.java:251)
at org.testng.remote.RemoteTestNG.main(RemoteTestNG.java:77)
]]>
    </error>
  </testcase> <!-- verifyTheAddedFarm_TC28 -->
  <system-out/>
  <testcase classname="com.sat2credit.testcases.UploadKMLFile" name="verifySuccessAlert_TC28" time="0.053">
    <error message="unexpected alert open: {Alert text : Farm uploaded successfully}
  (Session info: chrome=99.0.4844.84): Farm uploaded successfully
Build info: version: &#039;4.1.2&#039;, revision: &#039;9a5a329c5a&#039;
System info: host: &#039;DESKTOP-74CU5GP&#039;, ip: &#039;192.168.0.170&#039;, os.name: &#039;Windows 10&#039;, os.arch: &#039;amd64&#039;, os.version: &#039;10.0&#039;, java.version: &#039;15&#039;
Driver info: org.openqa.selenium.chrome.ChromeDriver
Command: [d3fe029f6fce5fbbbfadeafc76353584, executeScript {script=scroll(250, 0), args=[]}]
Capabilities {acceptInsecureCerts: false, browserName: chrome, browserVersion: 99.0.4844.84, chrome: {chromedriverVersion: 99.0.4844.51 (d537ec02474b5..., userDataDir: C:\Users\lenovo\AppData\Loc...}, goog:chromeOptions: {debuggerAddress: localhost:60695}, javascriptEnabled: true, networkConnectionEnabled: false, pageLoadStrategy: normal, platform: WINDOWS, platformName: WINDOWS, proxy: Proxy(), se:cdp: ws://localhost:60695/devtoo..., se:cdpVersion: 99.0.4844.84, setWindowRect: true, strictFileInteractability: false, timeouts: {implicit: 0, pageLoad: 300000, script: 30000}, unhandledPromptBehavior: dismiss and notify, webauthn:extension:credBlob: true, webauthn:extension:largeBlob: true, webauthn:virtualAuthenticators: true}
Session ID: d3fe029f6fce5fbbbfadeafc76353584" type="org.openqa.selenium.UnhandledAlertException">
      <![CDATA[org.openqa.selenium.UnhandledAlertException: unexpected alert open: {Alert text : Farm uploaded successfully}
  (Session info: chrome=99.0.4844.84): Farm uploaded successfully
Build info: version: '4.1.2', revision: '9a5a329c5a'
System info: host: 'DESKTOP-74CU5GP', ip: '192.168.0.170', os.name: 'Windows 10', os.arch: 'amd64', os.version: '10.0', java.version: '15'
Driver info: org.openqa.selenium.chrome.ChromeDriver
Command: [d3fe029f6fce5fbbbfadeafc76353584, executeScript {script=scroll(250, 0), args=[]}]
Capabilities {acceptInsecureCerts: false, browserName: chrome, browserVersion: 99.0.4844.84, chrome: {chromedriverVersion: 99.0.4844.51 (d537ec02474b5..., userDataDir: C:\Users\lenovo\AppData\Loc...}, goog:chromeOptions: {debuggerAddress: localhost:60695}, javascriptEnabled: true, networkConnectionEnabled: false, pageLoadStrategy: normal, platform: WINDOWS, platformName: WINDOWS, proxy: Proxy(), se:cdp: ws://localhost:60695/devtoo..., se:cdpVersion: 99.0.4844.84, setWindowRect: true, strictFileInteractability: false, timeouts: {implicit: 0, pageLoad: 300000, script: 30000}, unhandledPromptBehavior: dismiss and notify, webauthn:extension:credBlob: true, webauthn:extension:largeBlob: true, webauthn:virtualAuthenticators: true}
Session ID: d3fe029f6fce5fbbbfadeafc76353584
at org.openqa.selenium.remote.codec.w3c.W3CHttpResponseCodec.decode(W3CHttpResponseCodec.java:131)
at org.openqa.selenium.remote.codec.w3c.W3CHttpResponseCodec.decode(W3CHttpResponseCodec.java:53)
at org.openqa.selenium.remote.HttpCommandExecutor.execute(HttpCommandExecutor.java:184)
at org.openqa.selenium.remote.service.DriverCommandExecutor.invokeExecute(DriverCommandExecutor.java:167)
at org.openqa.selenium.remote.service.DriverCommandExecutor.execute(DriverCommandExecutor.java:142)
at org.openqa.selenium.remote.RemoteWebDriver.execute(RemoteWebDriver.java:558)
at org.openqa.selenium.remote.RemoteWebDriver.executeScript(RemoteWebDriver.java:492)
at com.sat2credit.pages.HomePage.acceptSuccessAlert(HomePage.java:227)
at com.sat2credit.testcases.UploadKMLFile.verifySuccessAlert_TC28(UploadKMLFile.java:253)
at java.base/jdk.internal.reflect.NativeMethodAccessorImpl.invoke0(Native Method)
at java.base/jdk.internal.reflect.NativeMethodAccessorImpl.invoke(NativeMethodAccessorImpl.java:64)
at java.base/jdk.internal.reflect.DelegatingMethodAccessorImpl.invoke(DelegatingMethodAccessorImpl.java:43)
at java.base/java.lang.reflect.Method.invoke(Method.java:564)
at org.testng.internal.MethodInvocationHelper.invokeMethod(MethodInvocationHelper.java:133)
at org.testng.internal.TestInvoker.invokeMethod(TestInvoker.java:598)
at org.testng.internal.TestInvoker.invokeTestMethod(TestInvoker.java:173)
at org.testng.internal.MethodRunner.runInSequence(MethodRunner.java:46)
at org.testng.internal.TestInvoker$MethodInvocationAgent.invoke(TestInvoker.java:824)
at org.testng.internal.TestInvoker.invokeTestMethods(TestInvoker.java:146)
at org.testng.internal.TestMethodWorker.invokeTestMethods(TestMethodWorker.java:146)
at org.testng.internal.TestMethodWorker.run(TestMethodWorker.java:128)
at java.base/java.util.ArrayList.forEach(ArrayList.java:1511)
at org.testng.TestRunner.privateRun(TestRunner.java:794)
at org.testng.TestRunner.run(TestRunner.java:596)
at org.testng.SuiteRunner.runTest(SuiteRunner.java:377)
at org.testng.SuiteRunner.runSequentially(SuiteRunner.java:371)
at org.testng.SuiteRunner.privateRun(SuiteRunner.java:332)
at org.testng.SuiteRunner.run(SuiteRunner.java:276)
at org.testng.SuiteRunnerWorker.runSuite(SuiteRunnerWorker.java:53)
at org.testng.SuiteRunnerWorker.run(SuiteRunnerWorker.java:96)
at org.testng.TestNG.runSuitesSequentially(TestNG.java:1212)
at org.testng.TestNG.runSuitesLocally(TestNG.java:1134)
at org.testng.TestNG.runSuites(TestNG.java:1063)
at org.testng.TestNG.run(TestNG.java:1031)
at org.testng.remote.AbstractRemoteTestNG.run(AbstractRemoteTestNG.java:115)
at org.testng.remote.RemoteTestNG.initAndRun(RemoteTestNG.java:251)
at org.testng.remote.RemoteTestNG.main(RemoteTestNG.java:77)
]]>
    </error>
  </testcase> <!-- verifySuccessAlert_TC28 -->
  <system-out/>
</testsuite> <!-- com.sat2credit.testcases.UploadKMLFile -->
