<?xml version="1.0" encoding="UTF-8"?>
<!-- Generated by org.testng.reporters.JUnitReportReporter -->
<testsuite hostname="user" failures="0" tests="23" name="com.sat2credit.testcases.HomeScreen" time="2.958" errors="1" timestamp="2022-11-22T15:46:02 IST" skipped="22">
  <testcase classname="com.sat2credit.testcases.HomeScreen" name="setUp" time="2.958">
    <error message="Could not start a new session. Possible causes are invalid address of the remote server or browser start-up failure." type="org.openqa.selenium.SessionNotCreatedException">
      <![CDATA[org.openqa.selenium.SessionNotCreatedException: Could not start a new session. Possible causes are invalid address of the remote server or browser start-up failure.
at org.openqa.selenium.remote.RemoteWebDriver.execute(RemoteWebDriver.java:565)
at org.openqa.selenium.remote.RemoteWebDriver.startSession(RemoteWebDriver.java:242)
at org.openqa.selenium.remote.RemoteWebDriver.<init>(RemoteWebDriver.java:157)
at org.openqa.selenium.firefox.FirefoxDriver.<init>(FirefoxDriver.java:110)
at org.openqa.selenium.firefox.FirefoxDriver.<init>(FirefoxDriver.java:98)
at com.sat2credit.utilities.BaseClass.setUp(BaseClass.java:80)
at java.base/jdk.internal.reflect.NativeMethodAccessorImpl.invoke0(Native Method)
at java.base/jdk.internal.reflect.NativeMethodAccessorImpl.invoke(NativeMethodAccessorImpl.java:62)
at java.base/jdk.internal.reflect.DelegatingMethodAccessorImpl.invoke(DelegatingMethodAccessorImpl.java:43)
at java.base/java.lang.reflect.Method.invoke(Method.java:566)
at org.testng.internal.MethodInvocationHelper.invokeMethod(MethodInvocationHelper.java:133)
at org.testng.internal.MethodInvocationHelper.invokeMethodConsideringTimeout(MethodInvocationHelper.java:62)
at org.testng.internal.ConfigInvoker.invokeConfigurationMethod(ConfigInvoker.java:385)
at org.testng.internal.ConfigInvoker.invokeConfigurations(ConfigInvoker.java:321)
at org.testng.internal.TestMethodWorker.invokeBeforeClassMethods(TestMethodWorker.java:176)
at org.testng.internal.TestMethodWorker.run(TestMethodWorker.java:122)
at java.base/java.util.ArrayList.forEach(ArrayList.java:1541)
at org.testng.TestRunner.privateRun(TestRunner.java:794)
at org.testng.TestRunner.run(TestRunner.java:596)
at org.testng.SuiteRunner.runTest(SuiteRunner.java:377)
at org.testng.SuiteRunner.runSequentially(SuiteRunner.java:371)
at org.testng.SuiteRunner.privateRun(SuiteRunner.java:332)
at org.testng.SuiteRunner.run(SuiteRunner.java:276)
at org.testng.SuiteRunnerWorker.runSuite(SuiteRunnerWorker.java:53)
at org.testng.SuiteRunnerWorker.run(SuiteRunnerWorker.java:96)
at org.testng.TestNG.runSuitesSequentially(TestNG.java:1212)
at org.testng.TestNG.runSuitesLocally(TestNG.java:1134)
at org.testng.TestNG.runSuites(TestNG.java:1063)
at org.testng.TestNG.run(TestNG.java:1031)
at org.testng.remote.AbstractRemoteTestNG.run(AbstractRemoteTestNG.java:115)
at org.testng.remote.RemoteTestNG.initAndRun(RemoteTestNG.java:251)
at org.testng.remote.RemoteTestNG.main(RemoteTestNG.java:77)
Caused by: org.openqa.selenium.WebDriverException: The driver server has unexpectedly died!
Build info: version: '4.4.0', revision: 'e5c75ed026a'
System info: host: 'user', ip: '127.0.0.1', os.name: 'Linux', os.arch: 'amd64', os.version: '5.15.0-53-generic', java.version: '11.0.17'
Driver info: driver.version: FirefoxDriver
at org.openqa.selenium.remote.service.DriverCommandExecutor.execute(DriverCommandExecutor.java:148)
at org.openqa.selenium.remote.RemoteWebDriver.execute(RemoteWebDriver.java:547)
... 31 more
Caused by: java.io.UncheckedIOException: java.net.ConnectException: Connection refused: localhost/127.0.0.1:51220
at org.openqa.selenium.remote.http.netty.NettyHttpHandler.makeCall(NettyHttpHandler.java:73)
at org.openqa.selenium.remote.http.AddSeleniumUserAgent.lambda$apply$0(AddSeleniumUserAgent.java:42)
at org.openqa.selenium.remote.http.Filter.lambda$andFinally$1(Filter.java:56)
at org.openqa.selenium.remote.http.netty.NettyHttpHandler.execute(NettyHttpHandler.java:49)
at org.openqa.selenium.remote.http.AddSeleniumUserAgent.lambda$apply$0(AddSeleniumUserAgent.java:42)
at org.openqa.selenium.remote.http.Filter.lambda$andFinally$1(Filter.java:56)
at org.openqa.selenium.remote.http.netty.NettyClient.execute(NettyClient.java:98)
at org.openqa.selenium.remote.ProtocolHandshake.createSession(ProtocolHandshake.java:120)
at org.openqa.selenium.remote.ProtocolHandshake.createSession(ProtocolHandshake.java:102)
at org.openqa.selenium.remote.ProtocolHandshake.createSession(ProtocolHandshake.java:67)
at org.openqa.selenium.remote.HttpCommandExecutor.execute(HttpCommandExecutor.java:156)
at org.openqa.selenium.remote.service.DriverCommandExecutor.invokeExecute(DriverCommandExecutor.java:167)
at org.openqa.selenium.remote.service.DriverCommandExecutor.execute(DriverCommandExecutor.java:142)
... 32 more
Caused by: java.net.ConnectException: Connection refused: localhost/127.0.0.1:51220
at org.asynchttpclient.netty.channel.NettyConnectListener.onFailure(NettyConnectListener.java:179)
at org.asynchttpclient.netty.channel.NettyChannelConnector$1.onFailure(NettyChannelConnector.java:108)
at org.asynchttpclient.netty.SimpleChannelFutureListener.operationComplete(SimpleChannelFutureListener.java:28)
at org.asynchttpclient.netty.SimpleChannelFutureListener.operationComplete(SimpleChannelFutureListener.java:20)
at io.netty.util.concurrent.DefaultPromise.notifyListener0(DefaultPromise.java:578)
at io.netty.util.concurrent.DefaultPromise.notifyListeners0(DefaultPromise.java:571)
at io.netty.util.concurrent.DefaultPromise.notifyListenersNow(DefaultPromise.java:550)
at io.netty.util.concurrent.DefaultPromise.notifyListeners(DefaultPromise.java:491)
at io.netty.util.concurrent.DefaultPromise.setValue0(DefaultPromise.java:616)
at io.netty.util.concurrent.DefaultPromise.setFailure0(DefaultPromise.java:609)
at io.netty.util.concurrent.DefaultPromise.tryFailure(DefaultPromise.java:117)
at io.netty.channel.nio.AbstractNioChannel$AbstractNioUnsafe.fulfillConnectPromise(AbstractNioChannel.java:321)
at io.netty.channel.nio.AbstractNioChannel$AbstractNioUnsafe.finishConnect(AbstractNioChannel.java:337)
at io.netty.channel.nio.NioEventLoop.processSelectedKey(NioEventLoop.java:710)
at io.netty.channel.nio.NioEventLoop.processSelectedKeysOptimized(NioEventLoop.java:658)
at io.netty.channel.nio.NioEventLoop.processSelectedKeys(NioEventLoop.java:584)
at io.netty.channel.nio.NioEventLoop.run(NioEventLoop.java:496)
at io.netty.util.concurrent.SingleThreadEventExecutor$4.run(SingleThreadEventExecutor.java:997)
at io.netty.util.internal.ThreadExecutorMap$2.run(ThreadExecutorMap.java:74)
at io.netty.util.concurrent.FastThreadLocalRunnable.run(FastThreadLocalRunnable.java:30)
at java.base/java.lang.Thread.run(Thread.java:829)
Caused by: io.netty.channel.AbstractChannel$AnnotatedConnectException: Connection refused: localhost/127.0.0.1:51220
Caused by: java.net.ConnectException: Connection refused
at java.base/sun.nio.ch.SocketChannelImpl.checkConnect(Native Method)
at java.base/sun.nio.ch.SocketChannelImpl.finishConnect(SocketChannelImpl.java:777)
at io.netty.channel.socket.nio.NioSocketChannel.doFinishConnect(NioSocketChannel.java:337)
at io.netty.channel.nio.AbstractNioChannel$AbstractNioUnsafe.finishConnect(AbstractNioChannel.java:334)
at io.netty.channel.nio.NioEventLoop.processSelectedKey(NioEventLoop.java:710)
at io.netty.channel.nio.NioEventLoop.processSelectedKeysOptimized(NioEventLoop.java:658)
at io.netty.channel.nio.NioEventLoop.processSelectedKeys(NioEventLoop.java:584)
at io.netty.channel.nio.NioEventLoop.run(NioEventLoop.java:496)
at io.netty.util.concurrent.SingleThreadEventExecutor$4.run(SingleThreadEventExecutor.java:997)
at io.netty.util.internal.ThreadExecutorMap$2.run(ThreadExecutorMap.java:74)
at io.netty.util.concurrent.FastThreadLocalRunnable.run(FastThreadLocalRunnable.java:30)
at java.base/java.lang.Thread.run(Thread.java:829)
]]>
    </error>
  </testcase> <!-- setUp -->
  <system-out/>
  <testcase classname="com.sat2credit.testcases.HomeScreen" name="moveTOHomePage" time="0.000">
    <skipped/>
  </testcase> <!-- moveTOHomePage -->
  <system-out/>
  <testcase classname="com.sat2credit.testcases.HomeScreen" name="verifyUser_TC01" time="0.000">
    <skipped/>
  </testcase> <!-- verifyUser_TC01 -->
  <system-out/>
  <testcase classname="com.sat2credit.testcases.HomeScreen" name="verifyPortfolioLink_TC02" time="0.000">
    <skipped/>
  </testcase> <!-- verifyPortfolioLink_TC02 -->
  <system-out/>
  <testcase classname="com.sat2credit.testcases.HomeScreen" name="verifyFarmNameText_TC03" time="0.000">
    <skipped/>
  </testcase> <!-- verifyFarmNameText_TC03 -->
  <system-out/>
  <testcase classname="com.sat2credit.testcases.HomeScreen" name="verifyFarmDetailsLink_TC04" time="0.000">
    <skipped/>
  </testcase> <!-- verifyFarmDetailsLink_TC04 -->
  <system-out/>
  <testcase classname="com.sat2credit.testcases.HomeScreen" name="verifyCreditScoreLink_TC05" time="0.000">
    <skipped/>
  </testcase> <!-- verifyCreditScoreLink_TC05 -->
  <system-out/>
  <testcase classname="com.sat2credit.testcases.HomeScreen" name="verifyRisksLink_TC06" time="0.000">
    <skipped/>
  </testcase> <!-- verifyRisksLink_TC06 -->
  <system-out/>
  <testcase classname="com.sat2credit.testcases.HomeScreen" name="verifyVerificationLink_TC07" time="0.000">
    <skipped/>
  </testcase> <!-- verifyVerificationLink_TC07 -->
  <system-out/>
  <testcase classname="com.sat2credit.testcases.HomeScreen" name="verifyIncomeStatementLink_TC08" time="0.000">
    <skipped/>
  </testcase> <!-- verifyIncomeStatementLink_TC08 -->
  <system-out/>
  <testcase classname="com.sat2credit.testcases.HomeScreen" name="verifySMMonitoringLink_TC09" time="0.000">
    <skipped/>
  </testcase> <!-- verifySMMonitoringLink_TC09 -->
  <system-out/>
  <testcase classname="com.sat2credit.testcases.HomeScreen" name="verifyVHIMonitoringLink_TC10" time="0.000">
    <skipped/>
  </testcase> <!-- verifyVHIMonitoringLink_TC10 -->
  <system-out/>
  <testcase classname="com.sat2credit.testcases.HomeScreen" name="clickOnFarmDetailsLink_TC11" time="0.000">
    <skipped/>
  </testcase> <!-- clickOnFarmDetailsLink_TC11 -->
  <system-out/>
  <testcase classname="com.sat2credit.testcases.HomeScreen" name="clickOnCreditScoreLink_TC12" time="0.000">
    <skipped/>
  </testcase> <!-- clickOnCreditScoreLink_TC12 -->
  <system-out/>
  <testcase classname="com.sat2credit.testcases.HomeScreen" name="clickOnVerificationLink_TC13" time="0.000">
    <skipped/>
  </testcase> <!-- clickOnVerificationLink_TC13 -->
  <system-out/>
  <testcase classname="com.sat2credit.testcases.HomeScreen" name="clickOnRisksLink_TC14" time="0.000">
    <skipped/>
  </testcase> <!-- clickOnRisksLink_TC14 -->
  <system-out/>
  <testcase classname="com.sat2credit.testcases.HomeScreen" name="clickeOnIncoomeStatementLink_TC15" time="0.000">
    <skipped/>
  </testcase> <!-- clickeOnIncoomeStatementLink_TC15 -->
  <system-out/>
  <testcase classname="com.sat2credit.testcases.HomeScreen" name="clickOnSMMonitoringLink_TC16" time="0.000">
    <skipped/>
  </testcase> <!-- clickOnSMMonitoringLink_TC16 -->
  <system-out/>
  <testcase classname="com.sat2credit.testcases.HomeScreen" name="clickONVHIStatementLink_TC17" time="0.000">
    <skipped/>
  </testcase> <!-- clickONVHIStatementLink_TC17 -->
  <system-out/>
  <testcase classname="com.sat2credit.testcases.HomeScreen" name="verifyFarmsListScroll_TC18" time="0.000">
    <skipped/>
  </testcase> <!-- verifyFarmsListScroll_TC18 -->
  <system-out/>
  <testcase classname="com.sat2credit.testcases.HomeScreen" name="verifyFarmDetailsScroll_TC019" time="0.000">
    <skipped/>
  </testcase> <!-- verifyFarmDetailsScroll_TC019 -->
  <system-out/>
  <testcase classname="com.sat2credit.testcases.HomeScreen" name="verifyLogOutButton_TC20" time="0.000">
    <skipped/>
  </testcase> <!-- verifyLogOutButton_TC20 -->
  <system-out/>
  <testcase classname="com.sat2credit.testcases.HomeScreen" name="clickOnLogOutButton_TC21" time="0.000">
    <skipped/>
  </testcase> <!-- clickOnLogOutButton_TC21 -->
  <system-out/>
</testsuite> <!-- com.sat2credit.testcases.HomeScreen -->
